<?xml version="1.0" encoding="utf-8"?><testsuites name="pytest tests"><testsuite name="pytest" errors="0" failures="0" skipped="0" tests="9" time="157.954" timestamp="2026-02-15T20:05:40.500141+01:00" hostname="MacBookAir.home"><testcase classname="test_tournament_monitor_coverage.TestSafetyConfirmationUI" name="test_step4_large_scale_warning_visible" time="12.918" /><testcase classname="test_tournament_monitor_coverage.TestSafetyConfirmationUI" name="test_step6_safety_confirmation_field_visible_for_128plus" time="19.086" /><testcase classname="test_tournament_monitor_coverage.TestSafetyConfirmationUI" name="test_step6_safety_confirmation_wrong_text_keeps_disabled" time="23.158" /><testcase classname="test_tournament_monitor_coverage.TestSafetyConfirmationUI" name="test_step6_safety_confirmation_correct_text_enables_button" time="21.208" /><testcase classname="test_tournament_monitor_coverage.TestSafetyConfirmationUI" name="test_step6_safety_lowercase_also_accepted" time="21.154" /><testcase classname="test_tournament_monitor_coverage.TestSafetyConfirmationUI" name="test_step6_no_safety_field_for_small_count" time="19.172" /><testcase classname="test_tournament_monitor_coverage.TestSliderStatePersistence" name="test_step4_slider_shows_scenario_default" time="12.291" /><testcase classname="test_tournament_monitor_coverage.TestSliderStatePersistence" name="test_step4_slider_in_valid_range_for_large_field" time="12.416" /><testcase classname="test_tournament_monitor_coverage.TestSliderStatePersistence" name="test_step4_back_forward_preserves_slider_value" time="16.444" /></testsuite></testsuites>